<?xml version="1.0" encoding="UTF-8"?>
<testsuite xmlns:xsi="http://www.w3.org/2001/XMLSchema-instance" xsi:schemaLocation="https://maven.apache.org/surefire/maven-surefire-plugin/xsd/surefire-test-report.xsd" name="com.teknotrait.automation.zumic.runner.TestRunner" time="210.666" tests="30" errors="9" skipped="12" failures="0">
  <properties>
[...]
</properties>
  <testcase name="Given user on the Login Page" classname="| &quot;teknotrait.ashok+7@gmail.com&quot; | &quot;6360289079&quot; |" time="0.001"/>
  <testcase name="When user enters &apos;Email ID&apos; with &quot;teknotrait.ashok+7@gmail.com&quot;" classname="| &quot;teknotrait.ashok+7@gmail.com&quot; | &quot;6360289079&quot; |" time="0.013">
    <error message="Keys to send should be a not null CharSequence" type="java.lang.IllegalArgumentException">java.lang.IllegalArgumentException: Keys to send should be a not null CharSequence
</error>
  </testcase>
  <testcase name="| &quot;teknotrait.ashok+7@gmail.com&quot; | &quot;6360289079&quot; |" classname="| &quot;teknotrait.ashok+7@gmail.com&quot; | &quot;6360289079&quot; |" time="0.013">
    <error message="Keys to send should be a not null CharSequence" type="java.lang.IllegalArgumentException">java.lang.IllegalArgumentException: Keys to send should be a not null CharSequence
</error>
  </testcase>
  <testcase name="| &quot;teknotrait.ashok+7@gmail.com&quot; | &quot;6360289079&quot; |" classname="| &quot;teknotrait.ashok+7@gmail.com&quot; | &quot;6360289079&quot; |" time="4.996">
    <error type="java.lang.NullPointerException">java.lang.NullPointerException
</error>
    <system-err><![CDATA[Apr 19, 2023 12:19:53 PM org.openqa.selenium.remote.Augmenter extractRemoteWebDriver
WARNING: Augmenter should be applied to the instances of @Augmentable classes or previously augmented instances only (instance class was: class org.openqa.selenium.chrome.ChromeDriver)
Apr 19, 2023 12:19:54 PM org.openqa.selenium.remote.Augmenter extractRemoteWebDriver
WARNING: Augmenter should be applied to the instances of @Augmentable classes or previously augmented instances only (instance class was: class org.openqa.selenium.chrome.ChromeDriver)
]]></system-err>
  </testcase>
  <testcase name="And user enters &apos;Password&apos; with &quot;6360289079&quot;" classname="| &quot;teknotrait.ashok+7@gmail.com&quot; | &quot;6360289079&quot; |" time="0">
    <skipped/>
  </testcase>
  <testcase name="And user clicks &apos;LOG IN&apos; button" classname="| &quot;teknotrait.ashok+7@gmail.com&quot; | &quot;6360289079&quot; |" time="0">
    <skipped/>
  </testcase>
  <testcase name="Then user should get logged in" classname="| &quot;teknotrait.ashok+7@gmail.com&quot; | &quot;6360289079&quot; |" time="0">
    <skipped/>
  </testcase>
  <testcase name="When user clicks &apos;Logout&apos; link" classname="| &quot;teknotrait.ashok+7@gmail.com&quot; | &quot;6360289079&quot; |" time="0">
    <skipped/>
  </testcase>
  <testcase name="Then user should get logged out" classname="| &quot;teknotrait.ashok+7@gmail.com&quot; | &quot;6360289079&quot; |" time="0">
    <skipped/>
  </testcase>
  <testcase name="Given user on the Login Page" classname="| &quot;Unregistered User&quot; | &quot;unregistered_email@zumic.com&quot; | &quot;Zumic@123&quot; |" time="0"/>
  <testcase name="When user enters invalid login credentials for &quot;Unregistered User&quot; with &quot;unregistered_email@zumic.com&quot; and &quot;Zumic@123&quot;" classname="| &quot;Unregistered User&quot; | &quot;unregistered_email@zumic.com&quot; | &quot;Zumic@123&quot; |" time="0"/>
  <testcase name="Then user should not be able to login" classname="| &quot;Unregistered User&quot; | &quot;unregistered_email@zumic.com&quot; | &quot;Zumic@123&quot; |" time="0"/>
  <testcase name="| &quot;Unregistered User&quot; | &quot;unregistered_email@zumic.com&quot; | &quot;Zumic@123&quot; |" classname="| &quot;Unregistered User&quot; | &quot;unregistered_email@zumic.com&quot; | &quot;Zumic@123&quot; |" time="0.002">
    <error type="java.lang.NullPointerException">java.lang.NullPointerException
</error>
  </testcase>
  <testcase name="Given user on the Login Page" classname="| &quot;Invalid email&quot; | &quot;Invalid email&quot; | &quot;Zumic@123&quot; |" time="0"/>
  <testcase name="When user enters invalid login credentials for &quot;Invalid email&quot; with &quot;Invalid email&quot; and &quot;Zumic@123&quot;" classname="| &quot;Invalid email&quot; | &quot;Invalid email&quot; | &quot;Zumic@123&quot; |" time="0.001"/>
  <testcase name="Then user should not be able to login" classname="| &quot;Invalid email&quot; | &quot;Invalid email&quot; | &quot;Zumic@123&quot; |" time="0"/>
  <testcase name="| &quot;Invalid email&quot; | &quot;Invalid email&quot; | &quot;Zumic@123&quot; |" classname="| &quot;Invalid email&quot; | &quot;Invalid email&quot; | &quot;Zumic@123&quot; |" time="0.002">
    <error type="java.lang.NullPointerException">java.lang.NullPointerException
</error>
  </testcase>
  <testcase name="Given user on the Login Page" classname="| &quot;forgot_pwd@yopmail.com&quot; | &quot;Zumic@1234&quot; | &quot;Zumic@1234&quot; |" time="0"/>
  <testcase name="And user navigates to forgot password page" classname="| &quot;forgot_pwd@yopmail.com&quot; | &quot;Zumic@1234&quot; | &quot;Zumic@1234&quot; |" time="0"/>
  <testcase name="When user enters valid &quot;forgot_pwd@yopmail.com&quot; to get activation link to reset password" classname="| &quot;forgot_pwd@yopmail.com&quot; | &quot;Zumic@1234&quot; | &quot;Zumic@1234&quot; |" time="0">
    <error type="java.lang.NullPointerException">java.lang.NullPointerException
</error>
  </testcase>
  <testcase name="| &quot;forgot_pwd@yopmail.com&quot; | &quot;Zumic@1234&quot; | &quot;Zumic@1234&quot; |" classname="| &quot;forgot_pwd@yopmail.com&quot; | &quot;Zumic@1234&quot; | &quot;Zumic@1234&quot; |" time="0">
    <error type="java.lang.NullPointerException">java.lang.NullPointerException
</error>
  </testcase>
  <testcase name="| &quot;forgot_pwd@yopmail.com&quot; | &quot;Zumic@1234&quot; | &quot;Zumic@1234&quot; |" classname="| &quot;forgot_pwd@yopmail.com&quot; | &quot;Zumic@1234&quot; | &quot;Zumic@1234&quot; |" time="5.493">
    <error type="java.lang.NullPointerException">java.lang.NullPointerException
</error>
    <system-err><![CDATA[Apr 19, 2023 12:22:05 PM org.openqa.selenium.remote.Augmenter extractRemoteWebDriver
WARNING: Augmenter should be applied to the instances of @Augmentable classes or previously augmented instances only (instance class was: class org.openqa.selenium.chrome.ChromeDriver)
Apr 19, 2023 12:22:06 PM org.openqa.selenium.remote.Augmenter extractRemoteWebDriver
WARNING: Augmenter should be applied to the instances of @Augmentable classes or previously augmented instances only (instance class was: class org.openqa.selenium.chrome.ChromeDriver)
Apr 19, 2023 12:22:08 PM org.openqa.selenium.remote.Augmenter extractRemoteWebDriver
WARNING: Augmenter should be applied to the instances of @Augmentable classes or previously augmented instances only (instance class was: class org.openqa.selenium.chrome.ChromeDriver)
]]></system-err>
  </testcase>
  <testcase name="And user clicks on &apos;RESET&apos; button" classname="| &quot;forgot_pwd@yopmail.com&quot; | &quot;Zumic@1234&quot; | &quot;Zumic@1234&quot; |" time="0">
    <skipped/>
  </testcase>
  <testcase name="Then confirmation &apos;Success&apos; message is displayed on page" classname="| &quot;forgot_pwd@yopmail.com&quot; | &quot;Zumic@1234&quot; | &quot;Zumic@1234&quot; |" time="0">
    <skipped/>
  </testcase>
  <testcase name="And user gets Activation Link in entered email Id &quot;forgot_pwd@yopmail.com&quot;" classname="| &quot;forgot_pwd@yopmail.com&quot; | &quot;Zumic@1234&quot; | &quot;Zumic@1234&quot; |" time="0">
    <skipped/>
  </testcase>
  <testcase name="When user clicks on password reset link" classname="| &quot;forgot_pwd@yopmail.com&quot; | &quot;Zumic@1234&quot; | &quot;Zumic@1234&quot; |" time="0">
    <skipped/>
  </testcase>
  <testcase name="And user resets password with &quot;Zumic@1234&quot; and &quot;Zumic@1234&quot;" classname="| &quot;forgot_pwd@yopmail.com&quot; | &quot;Zumic@1234&quot; | &quot;Zumic@1234&quot; |" time="0">
    <skipped/>
  </testcase>
  <testcase name="And user clicks on &apos;CONFIRM&apos; button" classname="| &quot;forgot_pwd@yopmail.com&quot; | &quot;Zumic@1234&quot; | &quot;Zumic@1234&quot; |" time="0">
    <skipped/>
  </testcase>
  <testcase name="Then User logins in zumic using new password" classname="| &quot;forgot_pwd@yopmail.com&quot; | &quot;Zumic@1234&quot; | &quot;Zumic@1234&quot; |" time="0">
    <skipped/>
  </testcase>
  <testcase name="com.teknotrait.automation.zumic.runner.TestRunner" classname="com.teknotrait.automation.zumic.runner.TestRunner" time="5.558">
    <error type="java.lang.NullPointerException">java.lang.NullPointerException
	at com.teknotrait.automation.zumic.runner.TestRunner.writeExtentReport(TestRunner.java:31)
</error>
  </testcase>
</testsuite>